Build started 2/26/2017 9:05:28 PM.
     1>Project "C:\Users\Matthew\Desktop\Teaching\City - for students\City\City.vcxproj" on node 2 (Build target(s)).
     1>ClCompile:
         C:\Program Files (x86)\Microsoft Visual Studio 14.0\VC\bin\CL.exe /c /ZI /nologo /W3 /WX- /Od /Oy- /D WIN32 /D _DEBUG /D _CONSOLE /D _UNICODE /D UNICODE /Gm /EHsc /RTC1 /MDd /GS /fp:precise /Zc:wchar_t /Zc:forScope /Zc:inline /Fo"Debug\\" /Fd"Debug\vc140.pdb" /Gd /TP /analyze- /errorReport:prompt Citizen.cpp City.cpp Police.cpp Tour.cpp Vampire.cpp
         Vampire.cpp
         Tour.cpp
         Police.cpp
         City.cpp
         Citizen.cpp
         Generating Code...
       Link:
         C:\Program Files (x86)\Microsoft Visual Studio 14.0\VC\bin\link.exe /ERRORREPORT:PROMPT /OUT:"C:\Users\Matthew\Desktop\Teaching\City - for students\Debug\City.exe" /INCREMENTAL /NOLOGO kernel32.lib user32.lib gdi32.lib winspool.lib comdlg32.lib advapi32.lib shell32.lib ole32.lib oleaut32.lib uuid.lib odbc32.lib odbccp32.lib /MANIFEST /MANIFESTUAC:"level='asInvoker' uiAccess='false'" /manifest:embed /Debug /PDB:"C:\Users\Matthew\Desktop\Teaching\City - for students\Debug\City.pdb" /SUBSYSTEM:CONSOLE /TLBID:1 /DYNAMICBASE /NXCOMPAT /IMPLIB:"C:\Users\Matthew\Desktop\Teaching\City - for students\Debug\City.lib" /MACHINE:X86 Debug\Citizen.obj
         Debug\City.obj
         Debug\Police.obj
         Debug\Tour.obj
         Debug\Vampire.obj
         City.vcxproj -> C:\Users\Matthew\Desktop\Teaching\City - for students\Debug\City.exe
     1>Done Building Project "C:\Users\Matthew\Desktop\Teaching\City - for students\City\City.vcxproj" (Build target(s)).

Build succeeded.

Time Elapsed 00:00:07.91
